<?xml version="1.0" encoding="UTF-8"?>
<!-- Generated by org.testng.reporters.JUnitXMLReporter -->
<testsuite ignored="4" hostname="DESKTOP-I86B4EQ" failures="0" tests="3" name="Test" time="167.206" errors="0" timestamp="2023-01-09T11:16:59 IST">
  <testcase classname="campaign.CampaignProduct" name="CampaignProduct" time="65.102"/>
  <testcase classname="campaign.CreateCampaign" name="CreateCampaign" time="29.902"/>
  <testcase classname="organisation.CreateOrganisation" name="CreateOrganisation" time="12.581"/>
  <testcase classname="generic_Utility.BaseClass" name="@BeforeSuite BS" time="0.0">
    <ignored/>
  </testcase> <!-- @BeforeSuite BS -->
  <testcase classname="generic_Utility.BaseClass" name="@AfterTest AT" time="0.0">
    <ignored/>
  </testcase> <!-- @AfterTest AT -->
  <testcase classname="generic_Utility.BaseClass" name="@BeforeTest BT" time="0.0">
    <ignored/>
  </testcase> <!-- @BeforeTest BT -->
  <testcase classname="generic_Utility.BaseClass" name="@AfterSuite AS" time="0.0">
    <ignored/>
  </testcase> <!-- @AfterSuite AS -->
</testsuite> <!-- Test -->
